[debug] [2025-09-24T04:03:23.727Z] ----------------------------------------------------------------------
[debug] [2025-09-24T04:03:23.730Z] Command:       /Users/tonsy/.nvm/versions/node/v20.19.5/bin/node /Users/tonsy/.nvm/versions/node/v20.19.5/bin/firebase init
[debug] [2025-09-24T04:03:23.731Z] CLI Version:   14.17.0
[debug] [2025-09-24T04:03:23.731Z] Platform:      darwin
[debug] [2025-09-24T04:03:23.731Z] Node Version:  v20.19.5
[debug] [2025-09-24T04:03:23.731Z] Time:          Wed Sep 24 2025 07:03:23 GMT+0300 (Eastern European Summer Time)
[debug] [2025-09-24T04:03:23.732Z] ----------------------------------------------------------------------
[debug] 
[debug] [2025-09-24T04:03:23.738Z] > command requires scopes: ["email","openid","https://www.googleapis.com/auth/cloudplatformprojects.readonly","https://www.googleapis.com/auth/firebase","https://www.googleapis.com/auth/cloud-platform"]
[debug] [2025-09-24T04:03:23.738Z] > authorizing via signed-in user (fortleem@gmail.com)
[info] 
     ######## #### ########  ######## ########     ###     ######  ########
     ##        ##  ##     ## ##       ##     ##  ##   ##  ##       ##
     ######    ##  ########  ######   ########  #########  ######  ######
     ##        ##  ##    ##  ##       ##     ## ##     ##       ## ##
     ##       #### ##     ## ######## ########  ##     ##  ######  ########

You're about to initialize a Firebase project in this directory:

  /Users/tonsy/Desktop/SafeRide/backend

[info] 
=== Project Setup
[info] 
[info] First, let's associate this project directory with a Firebase project.
[info] You can create multiple project aliases by running firebase use --add, 
[info] but for now we'll just set up a default project.
[info] 
[info] i  If you want to create a project in a Google Cloud organization or folder, please use "firebase projects:create" instead, and return to this command when you've created the project. 
[debug] [2025-09-24T04:07:41.338Z] Checked if tokens are valid: true, expires at: 1758690200894
[debug] [2025-09-24T04:07:41.338Z] Checked if tokens are valid: true, expires at: 1758690200894
[debug] [2025-09-24T04:07:41.343Z] >>> [apiv2][query] POST https://firebase.googleapis.com/v1/projects:checkProjectId [none]
[debug] [2025-09-24T04:07:41.343Z] >>> [apiv2][body] POST https://firebase.googleapis.com/v1/projects:checkProjectId {"proposedId":"saferide"}
[debug] [2025-09-24T04:07:42.095Z] <<< [apiv2][status] POST https://firebase.googleapis.com/v1/projects:checkProjectId 200
[debug] [2025-09-24T04:07:42.095Z] <<< [apiv2][body] POST https://firebase.googleapis.com/v1/projects:checkProjectId {"projectIdStatus":"PROJECT_ID_UNAVAILABLE","suggestedProjectId":"saferide-8a32d"}
[debug] [2025-09-24T04:08:17.491Z] Checked if tokens are valid: true, expires at: 1758690200894
[debug] [2025-09-24T04:08:17.492Z] Checked if tokens are valid: true, expires at: 1758690200894
[debug] [2025-09-24T04:08:17.493Z] >>> [apiv2][query] POST https://firebase.googleapis.com/v1/projects:checkProjectId [none]
[debug] [2025-09-24T04:08:17.493Z] >>> [apiv2][body] POST https://firebase.googleapis.com/v1/projects:checkProjectId {"proposedId":"DAWRAT"}
[debug] [2025-09-24T04:08:17.977Z] <<< [apiv2][status] POST https://firebase.googleapis.com/v1/projects:checkProjectId 200
[debug] [2025-09-24T04:08:17.978Z] <<< [apiv2][body] POST https://firebase.googleapis.com/v1/projects:checkProjectId {"projectIdStatus":"PROJECT_ID_NOT_VALID","suggestedProjectId":"dawrat-c226b"}
[debug] [2025-09-24T04:11:42.926Z] Checked if tokens are valid: true, expires at: 1758690200894
[debug] [2025-09-24T04:11:42.927Z] Checked if tokens are valid: true, expires at: 1758690200894
[debug] [2025-09-24T04:11:42.929Z] >>> [apiv2][query] POST https://firebase.googleapis.com/v1/projects:checkProjectId [none]
[debug] [2025-09-24T04:11:42.929Z] >>> [apiv2][body] POST https://firebase.googleapis.com/v1/projects:checkProjectId {"proposedId":"SKOOL_RIDE"}
[debug] [2025-09-24T04:11:43.155Z] <<< [apiv2][status] POST https://firebase.googleapis.com/v1/projects:checkProjectId 400
[debug] [2025-09-24T04:11:43.155Z] <<< [apiv2][body] POST https://firebase.googleapis.com/v1/projects:checkProjectId {"error":{"code":400,"message":"Request contains an invalid argument.","status":"INVALID_ARGUMENT"}}
[debug] [2025-09-24T04:11:43.158Z] Couldn't check if project ID SKOOL_RIDE is available. Original error: FirebaseError: Failed to check if project ID is available. See firebase-debug.log for more info.
[debug] [2025-09-24T04:12:56.004Z] Checked if tokens are valid: true, expires at: 1758690200894
[debug] [2025-09-24T04:12:56.004Z] Checked if tokens are valid: true, expires at: 1758690200894
[debug] [2025-09-24T04:12:56.004Z] >>> [apiv2][query] POST https://cloudresourcemanager.googleapis.com/v1/projects [none]
[debug] [2025-09-24T04:12:56.004Z] >>> [apiv2][body] POST https://cloudresourcemanager.googleapis.com/v1/projects {"projectId":"SKOOL_RIDE","name":"saferide"}
[debug] [2025-09-24T04:12:56.876Z] <<< [apiv2][status] POST https://cloudresourcemanager.googleapis.com/v1/projects 400
[debug] [2025-09-24T04:12:56.876Z] <<< [apiv2][body] POST https://cloudresourcemanager.googleapis.com/v1/projects {"error":{"code":400,"message":"field [project_id] has issue [project_id contains invalid characters]","status":"INVALID_ARGUMENT","details":[{"@type":"type.googleapis.com/google.rpc.BadRequest","fieldViolations":[{"field":"project_id","description":"project_id contains invalid characters"}]},{"@type":"type.googleapis.com/google.rpc.Help","links":[{"url":"https://cloud.google.com/resource-manager/reference/rest/v1/projects"}]}]}}
[debug] [2025-09-24T04:12:57.080Z] FirebaseError: Request to https://cloudresourcemanager.googleapis.com/v1/projects had HTTP Error: 400, field [project_id] has issue [project_id contains invalid characters]
    at responseToError (/Users/tonsy/.nvm/versions/node/v20.19.5/lib/node_modules/firebase-tools/lib/responseToError.js:52:12)
    at RetryOperation._fn (/Users/tonsy/.nvm/versions/node/v20.19.5/lib/node_modules/firebase-tools/lib/apiv2.js:312:77)
    at process.processTicksAndRejections (node:internal/process/task_queues:95:5)
[error] 
[error] Error: Failed to create project. See firebase-debug.log for more info.
